<?xml version="1.0" encoding="UTF-8"?>
<!-- Generated by org.testng.reporters.JUnitXMLReporter -->
<testsuite hostname="shreeraam" name="AdminLogin-test" tests="3" failures="1" timestamp="12 Nov 2015 06:42:21 GMT" time="111.45" errors="0">
  <testcase name="checkAdminLogin" time="0.408" classname="com.diw.test.AdminLoginPageTest"/>
  <testcase name="checkAddCourse" time="110.243" classname="com.diw.test.AdminLoginPageTest">
    <failure type="java.lang.AssertionError" message="Time out exception is occurred">
      <![CDATA[java.lang.AssertionError: Time out exception is occurred
	at com.diw.action.UserActions.getWebElement(UserActions.java:54)
	at com.diw.action.UserActions.click(UserActions.java:100)
	at com.diw.page.AdminLoggedinPage.addCourse(AdminLoggedinPage.java:23)
	at com.diw.test.AdminLoginPageTest.checkAddCourse(AdminLoginPageTest.java:42)
... Removed 27 stack frames]]>
    </failure>
  </testcase> <!-- checkAddCourse -->
  <testcase name="checkEditCourse" time="0.0" classname="com.diw.test.AdminLoginPageTest">
    <skipped/>
  </testcase> <!-- checkEditCourse -->
</testsuite> <!-- AdminLogin-test -->
