<?xml version="1.0" encoding="UTF-8"?>
<!-- Generated by org.testng.reporters.JUnitXMLReporter -->
<testsuite hostname="shreeraam" name="StudentLogin-test" tests="2" failures="1" timestamp="12 Nov 2015 06:39:23 GMT" time="62.717" errors="0">
  <testcase name="checkStudentLogin" time="2.46" classname="com.diw.test.StudentLoginTest"/>
  <testcase name="studentlogout" time="55.28" classname="com.diw.test.StudentLoginTest">
    <failure type="java.lang.AssertionError" message="Time out exception is occurred">
      <![CDATA[java.lang.AssertionError: Time out exception is occurred
	at com.diw.action.UserActions.getWebElement(UserActions.java:54)
	at com.diw.action.UserActions.click(UserActions.java:100)
	at com.diw.page.StudentProfile.doLogout(StudentProfile.java:18)
	at com.diw.test.StudentLoginTest.studentlogout(StudentLoginTest.java:43)
... Removed 27 stack frames]]>
    </failure>
  </testcase> <!-- studentlogout -->
</testsuite> <!-- StudentLogin-test -->
