<?xml version="1.0" encoding="UTF-8"?>
<!-- Generated by org.testng.reporters.JUnitXMLReporter -->
<testsuite hostname="shreeraam" name="TutorLogin-test" tests="2" failures="1" timestamp="12 Nov 2015 06:40:30 GMT" time="66.851" errors="0">
  <testcase name="checkTutorLogin" time="11.27" classname="com.diw.test.TutorLoginPageTest"/>
  <testcase name="checkTutorLogout" time="55.208" classname="com.diw.test.TutorLoginPageTest">
    <failure type="java.lang.AssertionError" message="Time out exception is occurred">
      <![CDATA[java.lang.AssertionError: Time out exception is occurred
	at com.diw.action.UserActions.getWebElement(UserActions.java:54)
	at com.diw.action.UserActions.click(UserActions.java:100)
	at com.diw.page.TutorProfile.doTutorLogout(TutorProfile.java:16)
	at com.diw.test.TutorLoginPageTest.checkTutorLogout(TutorLoginPageTest.java:33)
... Removed 27 stack frames]]>
    </failure>
  </testcase> <!-- checkTutorLogout -->
</testsuite> <!-- TutorLogin-test -->
