<?xml version="1.0" encoding="UTF-8"?>
<!-- Generated by org.testng.reporters.JUnitXMLReporter -->
<testsuite hostname="SK" name="AdminLogin-test" tests="3" failures="0" timestamp="11 Nov 2015 08:01:19 GMT" time="15.028" errors="0">
  <testcase name="checkAdminLogin" time="2.979" classname="com.diw.test.AdminLoginPageTest"/>
  <testcase name="checkAddCourse" time="5.237" classname="com.diw.test.AdminLoginPageTest"/>
  <testcase name="checkEditCourse" time="4.628" classname="com.diw.test.AdminLoginPageTest"/>
</testsuite> <!-- AdminLogin-test -->
